<?xml version="1.0" encoding="UTF-8"?>
<beans xmlns="http://www.springframework.org/schema/beans"
	xmlns:xsi="http://www.w3.org/2001/XMLSchema-instance"
	xsi:schemaLocation="http://www.springframework.org/schema/beans
											http://www.springframework.org/schema/beans/spring-beans-3.0.xsd">
	
	<bean id="dataSource" class="org.springframework.jdbc.datasource.SimpleDriverDataSource">
		<property name="driverClass" value="com.mysql.jdbc.Driver"/>
		<property name="url" value="jdbc:mysql://190.190.70.113:3306/test"/>
		<property name="username" value="devtest"/>
		<property name="password" value="dezang0819"/>
	</bean>
	
	<bean id="userDao" class="dezang.user.dao.UserDao">
		<property name="dataSource" ref="dataSource"/>
	</bean>
</beans>